21:37:34 DEBUG : Logs will be stored at 'C:/Users/alexa/viv_22_proj/microblaze_hdmi/sdk/IDE.log'.
21:37:37 INFO  : Launching XSCT server: xsct.bat -n  -interactive C:\Users\alexa\viv_22_proj\microblaze_hdmi\sdk\temp_xsdb_launch_script.tcl
21:37:38 INFO  : Registering command handlers for Vitis TCF services
21:37:39 INFO  : Platform repository initialization has completed.
21:37:42 INFO  : XSCT server has started successfully.
21:37:42 INFO  : plnx-install-location is set to ''
21:37:51 INFO  : Successfully done setting XSCT server connection channel  
21:37:51 INFO  : Successfully done query RDI_DATADIR 
21:37:51 INFO  : Successfully done setting workspace for the tool. 
21:41:25 INFO  : Result from executing command 'getProjects': mb_usb_hdmi_top
21:41:25 INFO  : Result from executing command 'getPlatforms': xilinx_vck190_base_202220_1|C:/Xilinx/Vitis/2022.2/base_platforms/xilinx_vck190_base_202220_1/xilinx_vck190_base_202220_1.xpfm;xilinx_vck190_base_dfx_202220_1|C:/Xilinx/Vitis/2022.2/base_platforms/xilinx_vck190_base_dfx_202220_1/xilinx_vck190_base_dfx_202220_1.xpfm;xilinx_vmk180_base_202220_1|C:/Xilinx/Vitis/2022.2/base_platforms/xilinx_vmk180_base_202220_1/xilinx_vmk180_base_202220_1.xpfm;xilinx_zcu102_base_202220_1|C:/Xilinx/Vitis/2022.2/base_platforms/xilinx_zcu102_base_202220_1/xilinx_zcu102_base_202220_1.xpfm;xilinx_zcu102_base_dfx_202220_1|C:/Xilinx/Vitis/2022.2/base_platforms/xilinx_zcu102_base_dfx_202220_1/xilinx_zcu102_base_dfx_202220_1.xpfm;xilinx_zcu104_base_202220_1|C:/Xilinx/Vitis/2022.2/base_platforms/xilinx_zcu104_base_202220_1/xilinx_zcu104_base_202220_1.xpfm
21:41:26 WARN  : An unexpected exception occurred in the module 'platform project logging'
21:41:26 INFO  : Platform 'mb_usb_hdmi_top' is added to custom repositories.
21:41:30 INFO  : Platform 'mb_usb_hdmi_top' is added to custom repositories.
21:47:29 INFO  : Result from executing command 'getProjects': mb_usb_hdmi_top
21:47:29 INFO  : Result from executing command 'getPlatforms': mb_usb_hdmi_top|C:/Users/alexa/viv_22_proj/microblaze_hdmi/sdk/mb_usb_hdmi_top/export/mb_usb_hdmi_top/mb_usb_hdmi_top.xpfm;xilinx_vck190_base_202220_1|C:/Xilinx/Vitis/2022.2/base_platforms/xilinx_vck190_base_202220_1/xilinx_vck190_base_202220_1.xpfm;xilinx_vck190_base_dfx_202220_1|C:/Xilinx/Vitis/2022.2/base_platforms/xilinx_vck190_base_dfx_202220_1/xilinx_vck190_base_dfx_202220_1.xpfm;xilinx_vmk180_base_202220_1|C:/Xilinx/Vitis/2022.2/base_platforms/xilinx_vmk180_base_202220_1/xilinx_vmk180_base_202220_1.xpfm;xilinx_zcu102_base_202220_1|C:/Xilinx/Vitis/2022.2/base_platforms/xilinx_zcu102_base_202220_1/xilinx_zcu102_base_202220_1.xpfm;xilinx_zcu102_base_dfx_202220_1|C:/Xilinx/Vitis/2022.2/base_platforms/xilinx_zcu102_base_dfx_202220_1/xilinx_zcu102_base_dfx_202220_1.xpfm;xilinx_zcu104_base_202220_1|C:/Xilinx/Vitis/2022.2/base_platforms/xilinx_zcu104_base_202220_1/xilinx_zcu104_base_202220_1.xpfm
21:47:30 INFO  : Checking for BSP changes to sync application flags for project 'mb_hdmi'...
21:50:30 INFO  : Result from executing command 'removePlatformRepo': 
21:50:40 INFO  : Result from executing command 'getProjects': mb_usb_hdmi_top
21:50:40 INFO  : Result from executing command 'getPlatforms': xilinx_vck190_base_202220_1|C:/Xilinx/Vitis/2022.2/base_platforms/xilinx_vck190_base_202220_1/xilinx_vck190_base_202220_1.xpfm;xilinx_vck190_base_dfx_202220_1|C:/Xilinx/Vitis/2022.2/base_platforms/xilinx_vck190_base_dfx_202220_1/xilinx_vck190_base_dfx_202220_1.xpfm;xilinx_vmk180_base_202220_1|C:/Xilinx/Vitis/2022.2/base_platforms/xilinx_vmk180_base_202220_1/xilinx_vmk180_base_202220_1.xpfm;xilinx_zcu102_base_202220_1|C:/Xilinx/Vitis/2022.2/base_platforms/xilinx_zcu102_base_202220_1/xilinx_zcu102_base_202220_1.xpfm;xilinx_zcu102_base_dfx_202220_1|C:/Xilinx/Vitis/2022.2/base_platforms/xilinx_zcu102_base_dfx_202220_1/xilinx_zcu102_base_dfx_202220_1.xpfm;xilinx_zcu104_base_202220_1|C:/Xilinx/Vitis/2022.2/base_platforms/xilinx_zcu104_base_202220_1/xilinx_zcu104_base_202220_1.xpfm
21:50:41 INFO  : Checking for BSP changes to sync application flags for project 'mb_hdmi'...
21:51:45 INFO  : Checking for BSP changes to sync application flags for project 'mb_hdmi'...
21:51:52 INFO  : Result from executing command 'removePlatformRepo': 
21:52:00 INFO  : Result from executing command 'getProjects': mb_usb_hdmi_top
21:52:00 INFO  : Result from executing command 'getPlatforms': xilinx_vck190_base_202220_1|C:/Xilinx/Vitis/2022.2/base_platforms/xilinx_vck190_base_202220_1/xilinx_vck190_base_202220_1.xpfm;xilinx_vck190_base_dfx_202220_1|C:/Xilinx/Vitis/2022.2/base_platforms/xilinx_vck190_base_dfx_202220_1/xilinx_vck190_base_dfx_202220_1.xpfm;xilinx_vmk180_base_202220_1|C:/Xilinx/Vitis/2022.2/base_platforms/xilinx_vmk180_base_202220_1/xilinx_vmk180_base_202220_1.xpfm;xilinx_zcu102_base_202220_1|C:/Xilinx/Vitis/2022.2/base_platforms/xilinx_zcu102_base_202220_1/xilinx_zcu102_base_202220_1.xpfm;xilinx_zcu102_base_dfx_202220_1|C:/Xilinx/Vitis/2022.2/base_platforms/xilinx_zcu102_base_dfx_202220_1/xilinx_zcu102_base_dfx_202220_1.xpfm;xilinx_zcu104_base_202220_1|C:/Xilinx/Vitis/2022.2/base_platforms/xilinx_zcu104_base_202220_1/xilinx_zcu104_base_202220_1.xpfm
21:52:01 INFO  : Checking for BSP changes to sync application flags for project 'mb_hdmi'...
22:30:23 INFO  : Hardware specification for platform project 'mb_usb_hdmi_top' is updated.
22:30:31 INFO  : Result from executing command 'removePlatformRepo': 
22:30:46 ERROR : Error from executing command 'removePlatformRepo': ERROR: No valid directory exists at given path.
22:30:59 INFO  : Result from executing command 'getProjects': mb_usb_hdmi_top
22:30:59 INFO  : Result from executing command 'getPlatforms': xilinx_vck190_base_202220_1|C:/Xilinx/Vitis/2022.2/base_platforms/xilinx_vck190_base_202220_1/xilinx_vck190_base_202220_1.xpfm;xilinx_vck190_base_dfx_202220_1|C:/Xilinx/Vitis/2022.2/base_platforms/xilinx_vck190_base_dfx_202220_1/xilinx_vck190_base_dfx_202220_1.xpfm;xilinx_vmk180_base_202220_1|C:/Xilinx/Vitis/2022.2/base_platforms/xilinx_vmk180_base_202220_1/xilinx_vmk180_base_202220_1.xpfm;xilinx_zcu102_base_202220_1|C:/Xilinx/Vitis/2022.2/base_platforms/xilinx_zcu102_base_202220_1/xilinx_zcu102_base_202220_1.xpfm;xilinx_zcu102_base_dfx_202220_1|C:/Xilinx/Vitis/2022.2/base_platforms/xilinx_zcu102_base_dfx_202220_1/xilinx_zcu102_base_dfx_202220_1.xpfm;xilinx_zcu104_base_202220_1|C:/Xilinx/Vitis/2022.2/base_platforms/xilinx_zcu104_base_202220_1/xilinx_zcu104_base_202220_1.xpfm
22:31:00 INFO  : Checking for BSP changes to sync application flags for project 'mb_hdmi'...
22:31:00 INFO  : Updating application flags with new BSP settings...
22:31:00 INFO  : Successfully updated application flags for project mb_hdmi.
22:39:57 INFO  : Connected to target on host '127.0.0.1' and port '3121'.
22:39:58 INFO  : Jtag cable 'RealDigital Boo 887100000008A' is selected.
22:39:58 INFO  : 'jtag frequency' command is executed.
22:39:58 INFO  : 'targets -set -filter {jtag_cable_name =~ "RealDigital Boo 887100000008A" && level==0 && jtag_device_ctx=="jsn1-0362f093-0"}' command is executed.
22:39:59 INFO  : Device configured successfully with "C:/Users/alexa/viv_22_proj/microblaze_hdmi/sdk/mb_hdmi/_ide/bitstream/mb_usb_hdmi_top.bit"
22:39:59 INFO  : Context for processor 'microblaze_0' is selected.
22:39:59 INFO  : Hardware design and registers information is loaded from 'C:/Users/alexa/viv_22_proj/microblaze_hdmi/sdk/mb_usb_hdmi_top/export/mb_usb_hdmi_top/hw/mb_usb_hdmi_top.xsa'.
22:39:59 INFO  : 'configparams mdm-detect-bscan-mask 2' command is executed.
22:39:59 INFO  : Context for processor 'microblaze_0' is selected.
22:39:59 INFO  : System reset is completed.
22:40:02 INFO  : 'after 3000' command is executed.
22:40:03 INFO  : Context for processor 'microblaze_0' is selected.
22:40:03 INFO  : The application 'C:/Users/alexa/viv_22_proj/microblaze_hdmi/sdk/mb_hdmi/Debug/mb_hdmi.elf' is downloaded to processor 'microblaze_0'.
22:40:03 INFO  : ----------------XSDB Script----------------
connect -url tcp:127.0.0.1:3121
targets -set -filter {jtag_cable_name =~ "RealDigital Boo 887100000008A" && level==0 && jtag_device_ctx=="jsn1-0362f093-0"}
fpga -file C:/Users/alexa/viv_22_proj/microblaze_hdmi/sdk/mb_hdmi/_ide/bitstream/mb_usb_hdmi_top.bit
targets -set -nocase -filter {name =~ "*microblaze*#0" && bscan=="USER2" }
loadhw -hw C:/Users/alexa/viv_22_proj/microblaze_hdmi/sdk/mb_usb_hdmi_top/export/mb_usb_hdmi_top/hw/mb_usb_hdmi_top.xsa -regs
configparams mdm-detect-bscan-mask 2
targets -set -nocase -filter {name =~ "*microblaze*#0" && bscan=="USER2" }
rst -system
after 3000
targets -set -nocase -filter {name =~ "*microblaze*#0" && bscan=="USER2" }
dow C:/Users/alexa/viv_22_proj/microblaze_hdmi/sdk/mb_hdmi/Debug/mb_hdmi.elf
----------------End of Script----------------

22:40:03 INFO  : Context for processor 'microblaze_0' is selected.
22:40:03 INFO  : 'con' command is executed.
22:40:03 INFO  : ----------------XSDB Script (After Launch)----------------
targets -set -nocase -filter {name =~ "*microblaze*#0" && bscan=="USER2" }
con
----------------End of Script----------------

22:40:03 INFO  : Disconnected from the channel tcfchan#9.
22:41:28 INFO  : Connected to target on host '127.0.0.1' and port '3121'.
22:41:29 INFO  : Jtag cable 'RealDigital Boo 887100000008A' is selected.
22:41:29 INFO  : 'jtag frequency' command is executed.
22:41:29 INFO  : 'targets -set -filter {jtag_cable_name =~ "RealDigital Boo 887100000008A" && level==0 && jtag_device_ctx=="jsn1-0362f093-0"}' command is executed.
22:41:30 INFO  : Device configured successfully with "C:/Users/alexa/viv_22_proj/microblaze_hdmi/sdk/mb_hdmi/_ide/bitstream/mb_usb_hdmi_top.bit"
22:41:30 INFO  : Context for processor 'microblaze_0' is selected.
22:41:30 INFO  : Hardware design and registers information is loaded from 'C:/Users/alexa/viv_22_proj/microblaze_hdmi/sdk/mb_usb_hdmi_top/export/mb_usb_hdmi_top/hw/mb_usb_hdmi_top.xsa'.
22:41:30 INFO  : 'configparams mdm-detect-bscan-mask 2' command is executed.
22:41:30 INFO  : Context for processor 'microblaze_0' is selected.
22:41:30 INFO  : System reset is completed.
22:41:33 INFO  : 'after 3000' command is executed.
22:41:33 INFO  : Context for processor 'microblaze_0' is selected.
22:41:33 INFO  : The application 'C:/Users/alexa/viv_22_proj/microblaze_hdmi/sdk/mb_hdmi/Debug/mb_hdmi.elf' is downloaded to processor 'microblaze_0'.
22:41:33 INFO  : ----------------XSDB Script----------------
connect -url tcp:127.0.0.1:3121
targets -set -filter {jtag_cable_name =~ "RealDigital Boo 887100000008A" && level==0 && jtag_device_ctx=="jsn1-0362f093-0"}
fpga -file C:/Users/alexa/viv_22_proj/microblaze_hdmi/sdk/mb_hdmi/_ide/bitstream/mb_usb_hdmi_top.bit
targets -set -nocase -filter {name =~ "*microblaze*#0" && bscan=="USER2" }
loadhw -hw C:/Users/alexa/viv_22_proj/microblaze_hdmi/sdk/mb_usb_hdmi_top/export/mb_usb_hdmi_top/hw/mb_usb_hdmi_top.xsa -regs
configparams mdm-detect-bscan-mask 2
targets -set -nocase -filter {name =~ "*microblaze*#0" && bscan=="USER2" }
rst -system
after 3000
targets -set -nocase -filter {name =~ "*microblaze*#0" && bscan=="USER2" }
dow C:/Users/alexa/viv_22_proj/microblaze_hdmi/sdk/mb_hdmi/Debug/mb_hdmi.elf
----------------End of Script----------------

22:41:33 INFO  : Context for processor 'microblaze_0' is selected.
22:41:34 INFO  : 'con' command is executed.
22:41:34 INFO  : ----------------XSDB Script (After Launch)----------------
targets -set -nocase -filter {name =~ "*microblaze*#0" && bscan=="USER2" }
con
----------------End of Script----------------

22:41:34 INFO  : Disconnected from the channel tcfchan#10.
22:47:22 INFO  : Connected to target on host '127.0.0.1' and port '3121'.
22:47:22 INFO  : Jtag cable 'RealDigital Boo 887100000008A' is selected.
22:47:22 INFO  : 'jtag frequency' command is executed.
22:47:22 INFO  : 'targets -set -filter {jtag_cable_name =~ "RealDigital Boo 887100000008A" && level==0 && jtag_device_ctx=="jsn1-0362f093-0"}' command is executed.
22:47:23 INFO  : Device configured successfully with "C:/Users/alexa/viv_22_proj/microblaze_hdmi/sdk/mb_hdmi/_ide/bitstream/mb_usb_hdmi_top.bit"
22:47:23 INFO  : Context for processor 'microblaze_0' is selected.
22:47:23 INFO  : Hardware design and registers information is loaded from 'C:/Users/alexa/viv_22_proj/microblaze_hdmi/sdk/mb_usb_hdmi_top/export/mb_usb_hdmi_top/hw/mb_usb_hdmi_top.xsa'.
22:47:23 INFO  : 'configparams mdm-detect-bscan-mask 2' command is executed.
22:47:23 INFO  : Context for processor 'microblaze_0' is selected.
22:47:23 INFO  : System reset is completed.
22:47:26 INFO  : 'after 3000' command is executed.
22:47:26 INFO  : Context for processor 'microblaze_0' is selected.
22:47:27 INFO  : The application 'C:/Users/alexa/viv_22_proj/microblaze_hdmi/sdk/mb_hdmi/Debug/mb_hdmi.elf' is downloaded to processor 'microblaze_0'.
22:47:27 INFO  : ----------------XSDB Script----------------
connect -url tcp:127.0.0.1:3121
targets -set -filter {jtag_cable_name =~ "RealDigital Boo 887100000008A" && level==0 && jtag_device_ctx=="jsn1-0362f093-0"}
fpga -file C:/Users/alexa/viv_22_proj/microblaze_hdmi/sdk/mb_hdmi/_ide/bitstream/mb_usb_hdmi_top.bit
targets -set -nocase -filter {name =~ "*microblaze*#0" && bscan=="USER2" }
loadhw -hw C:/Users/alexa/viv_22_proj/microblaze_hdmi/sdk/mb_usb_hdmi_top/export/mb_usb_hdmi_top/hw/mb_usb_hdmi_top.xsa -regs
configparams mdm-detect-bscan-mask 2
targets -set -nocase -filter {name =~ "*microblaze*#0" && bscan=="USER2" }
rst -system
after 3000
targets -set -nocase -filter {name =~ "*microblaze*#0" && bscan=="USER2" }
dow C:/Users/alexa/viv_22_proj/microblaze_hdmi/sdk/mb_hdmi/Debug/mb_hdmi.elf
----------------End of Script----------------

22:47:27 INFO  : Context for processor 'microblaze_0' is selected.
22:47:27 INFO  : 'con' command is executed.
22:47:27 INFO  : ----------------XSDB Script (After Launch)----------------
targets -set -nocase -filter {name =~ "*microblaze*#0" && bscan=="USER2" }
con
----------------End of Script----------------

22:47:27 INFO  : Disconnected from the channel tcfchan#11.
22:48:01 INFO  : Checking for BSP changes to sync application flags for project 'mb_hdmi'...
22:48:02 INFO  : The hardware specification used by project 'mb_hdmi' is out of sync with the platform. Resource files extracted from the hardware specification will be updated.
22:48:02 INFO  : The file 'C:\Users\alexa\viv_22_proj\microblaze_hdmi\sdk\mb_hdmi\_ide\bitstream\mb_usb_hdmi_top.bit' stored in project is removed.
22:48:02 INFO  : The file 'C:\Users\alexa\viv_22_proj\microblaze_hdmi\sdk\mb_hdmi\_ide\bitstream\mb_usb_hdmi_top.mmi' stored in project is removed.
22:48:02 INFO  : The updated bitstream files are copied from platform to folder 'C:\Users\alexa\viv_22_proj\microblaze_hdmi\sdk\mb_hdmi\_ide\bitstream' in project 'mb_hdmi'.
22:48:14 INFO  : Checking for BSP changes to sync application flags for project 'mb_hdmi'...
22:48:22 INFO  : Connected to target on host '127.0.0.1' and port '3121'.
22:48:23 INFO  : Jtag cable 'RealDigital Boo 887100000008A' is selected.
22:48:23 INFO  : 'jtag frequency' command is executed.
22:48:23 INFO  : 'targets -set -filter {jtag_cable_name =~ "RealDigital Boo 887100000008A" && level==0 && jtag_device_ctx=="jsn1-0362f093-0"}' command is executed.
22:48:24 INFO  : Device configured successfully with "C:/Users/alexa/viv_22_proj/microblaze_hdmi/sdk/mb_hdmi/_ide/bitstream/mb_usb_hdmi_top.bit"
22:48:24 INFO  : Context for processor 'microblaze_0' is selected.
22:48:24 INFO  : Hardware design and registers information is loaded from 'C:/Users/alexa/viv_22_proj/microblaze_hdmi/sdk/mb_usb_hdmi_top/export/mb_usb_hdmi_top/hw/mb_usb_hdmi_top.xsa'.
22:48:24 INFO  : 'configparams mdm-detect-bscan-mask 2' command is executed.
22:48:24 INFO  : Context for processor 'microblaze_0' is selected.
22:48:24 INFO  : System reset is completed.
22:48:27 INFO  : 'after 3000' command is executed.
22:48:27 INFO  : Context for processor 'microblaze_0' is selected.
22:48:28 INFO  : The application 'C:/Users/alexa/viv_22_proj/microblaze_hdmi/sdk/mb_hdmi/Debug/mb_hdmi.elf' is downloaded to processor 'microblaze_0'.
22:48:28 INFO  : ----------------XSDB Script----------------
connect -url tcp:127.0.0.1:3121
targets -set -filter {jtag_cable_name =~ "RealDigital Boo 887100000008A" && level==0 && jtag_device_ctx=="jsn1-0362f093-0"}
fpga -file C:/Users/alexa/viv_22_proj/microblaze_hdmi/sdk/mb_hdmi/_ide/bitstream/mb_usb_hdmi_top.bit
targets -set -nocase -filter {name =~ "*microblaze*#0" && bscan=="USER2" }
loadhw -hw C:/Users/alexa/viv_22_proj/microblaze_hdmi/sdk/mb_usb_hdmi_top/export/mb_usb_hdmi_top/hw/mb_usb_hdmi_top.xsa -regs
configparams mdm-detect-bscan-mask 2
targets -set -nocase -filter {name =~ "*microblaze*#0" && bscan=="USER2" }
rst -system
after 3000
targets -set -nocase -filter {name =~ "*microblaze*#0" && bscan=="USER2" }
dow C:/Users/alexa/viv_22_proj/microblaze_hdmi/sdk/mb_hdmi/Debug/mb_hdmi.elf
----------------End of Script----------------

22:48:28 INFO  : Context for processor 'microblaze_0' is selected.
22:48:28 INFO  : 'con' command is executed.
22:48:28 INFO  : ----------------XSDB Script (After Launch)----------------
targets -set -nocase -filter {name =~ "*microblaze*#0" && bscan=="USER2" }
con
----------------End of Script----------------

22:48:28 INFO  : Disconnected from the channel tcfchan#12.
00:28:56 INFO  : Hardware specification for platform project 'mb_usb_hdmi_top' is updated.
00:29:13 INFO  : Result from executing command 'removePlatformRepo': 
00:29:34 INFO  : Result from executing command 'getProjects': mb_usb_hdmi_top
00:29:34 INFO  : Result from executing command 'getPlatforms': xilinx_vck190_base_202220_1|C:/Xilinx/Vitis/2022.2/base_platforms/xilinx_vck190_base_202220_1/xilinx_vck190_base_202220_1.xpfm;xilinx_vck190_base_dfx_202220_1|C:/Xilinx/Vitis/2022.2/base_platforms/xilinx_vck190_base_dfx_202220_1/xilinx_vck190_base_dfx_202220_1.xpfm;xilinx_vmk180_base_202220_1|C:/Xilinx/Vitis/2022.2/base_platforms/xilinx_vmk180_base_202220_1/xilinx_vmk180_base_202220_1.xpfm;xilinx_zcu102_base_202220_1|C:/Xilinx/Vitis/2022.2/base_platforms/xilinx_zcu102_base_202220_1/xilinx_zcu102_base_202220_1.xpfm;xilinx_zcu102_base_dfx_202220_1|C:/Xilinx/Vitis/2022.2/base_platforms/xilinx_zcu102_base_dfx_202220_1/xilinx_zcu102_base_dfx_202220_1.xpfm;xilinx_zcu104_base_202220_1|C:/Xilinx/Vitis/2022.2/base_platforms/xilinx_zcu104_base_202220_1/xilinx_zcu104_base_202220_1.xpfm
00:29:34 INFO  : Checking for BSP changes to sync application flags for project 'mb_hdmi'...
00:29:38 INFO  : The hardware specification used by project 'mb_hdmi' is out of sync with the platform. Resource files extracted from the hardware specification will be updated.
00:29:38 INFO  : The file 'C:\Users\alexa\viv_22_proj\microblaze_hdmi\sdk\mb_hdmi\_ide\bitstream\mb_usb_hdmi_top.bit' stored in project is removed.
00:29:38 INFO  : The file 'C:\Users\alexa\viv_22_proj\microblaze_hdmi\sdk\mb_hdmi\_ide\bitstream\mb_usb_hdmi_top.mmi' stored in project is removed.
00:29:38 INFO  : The updated bitstream files are copied from platform to folder 'C:\Users\alexa\viv_22_proj\microblaze_hdmi\sdk\mb_hdmi\_ide\bitstream' in project 'mb_hdmi'.
00:29:50 INFO  : Checking for BSP changes to sync application flags for project 'mb_hdmi'...
00:30:01 INFO  : Connected to target on host '127.0.0.1' and port '3121'.
00:30:01 INFO  : Jtag cable 'RealDigital Boo 887100000008A' is selected.
00:30:01 INFO  : 'jtag frequency' command is executed.
00:30:01 INFO  : 'targets -set -filter {jtag_cable_name =~ "RealDigital Boo 887100000008A" && level==0 && jtag_device_ctx=="jsn1-0362f093-0"}' command is executed.
00:30:02 INFO  : Device configured successfully with "C:/Users/alexa/viv_22_proj/microblaze_hdmi/sdk/mb_hdmi/_ide/bitstream/mb_usb_hdmi_top.bit"
00:30:02 INFO  : Context for processor 'microblaze_0' is selected.
00:30:02 INFO  : Hardware design and registers information is loaded from 'C:/Users/alexa/viv_22_proj/microblaze_hdmi/sdk/mb_usb_hdmi_top/export/mb_usb_hdmi_top/hw/mb_usb_hdmi_top.xsa'.
00:30:02 INFO  : 'configparams mdm-detect-bscan-mask 2' command is executed.
00:30:02 INFO  : Context for processor 'microblaze_0' is selected.
00:30:02 INFO  : System reset is completed.
00:30:05 INFO  : 'after 3000' command is executed.
00:30:05 INFO  : Context for processor 'microblaze_0' is selected.
00:30:06 INFO  : The application 'C:/Users/alexa/viv_22_proj/microblaze_hdmi/sdk/mb_hdmi/Debug/mb_hdmi.elf' is downloaded to processor 'microblaze_0'.
00:30:06 INFO  : ----------------XSDB Script----------------
connect -url tcp:127.0.0.1:3121
targets -set -filter {jtag_cable_name =~ "RealDigital Boo 887100000008A" && level==0 && jtag_device_ctx=="jsn1-0362f093-0"}
fpga -file C:/Users/alexa/viv_22_proj/microblaze_hdmi/sdk/mb_hdmi/_ide/bitstream/mb_usb_hdmi_top.bit
targets -set -nocase -filter {name =~ "*microblaze*#0" && bscan=="USER2" }
loadhw -hw C:/Users/alexa/viv_22_proj/microblaze_hdmi/sdk/mb_usb_hdmi_top/export/mb_usb_hdmi_top/hw/mb_usb_hdmi_top.xsa -regs
configparams mdm-detect-bscan-mask 2
targets -set -nocase -filter {name =~ "*microblaze*#0" && bscan=="USER2" }
rst -system
after 3000
targets -set -nocase -filter {name =~ "*microblaze*#0" && bscan=="USER2" }
dow C:/Users/alexa/viv_22_proj/microblaze_hdmi/sdk/mb_hdmi/Debug/mb_hdmi.elf
----------------End of Script----------------

00:30:06 INFO  : Context for processor 'microblaze_0' is selected.
00:30:06 INFO  : 'con' command is executed.
00:30:06 INFO  : ----------------XSDB Script (After Launch)----------------
targets -set -nocase -filter {name =~ "*microblaze*#0" && bscan=="USER2" }
con
----------------End of Script----------------

00:30:06 INFO  : Disconnected from the channel tcfchan#15.
00:32:21 INFO  : Connected to target on host '127.0.0.1' and port '3121'.
00:32:21 INFO  : Jtag cable 'RealDigital Boo 887100000008A' is selected.
00:32:21 INFO  : 'jtag frequency' command is executed.
00:32:21 INFO  : 'targets -set -filter {jtag_cable_name =~ "RealDigital Boo 887100000008A" && level==0 && jtag_device_ctx=="jsn1-0362f093-0"}' command is executed.
00:32:22 INFO  : Device configured successfully with "C:/Users/alexa/viv_22_proj/microblaze_hdmi/sdk/mb_hdmi/_ide/bitstream/mb_usb_hdmi_top.bit"
00:32:22 INFO  : Context for processor 'microblaze_0' is selected.
00:32:22 INFO  : Hardware design and registers information is loaded from 'C:/Users/alexa/viv_22_proj/microblaze_hdmi/sdk/mb_usb_hdmi_top/export/mb_usb_hdmi_top/hw/mb_usb_hdmi_top.xsa'.
00:32:22 INFO  : 'configparams mdm-detect-bscan-mask 2' command is executed.
00:32:22 INFO  : Context for processor 'microblaze_0' is selected.
00:32:22 INFO  : System reset is completed.
00:32:25 INFO  : 'after 3000' command is executed.
00:32:25 INFO  : Context for processor 'microblaze_0' is selected.
00:32:26 INFO  : The application 'C:/Users/alexa/viv_22_proj/microblaze_hdmi/sdk/mb_hdmi/Debug/mb_hdmi.elf' is downloaded to processor 'microblaze_0'.
00:32:26 INFO  : ----------------XSDB Script----------------
connect -url tcp:127.0.0.1:3121
targets -set -filter {jtag_cable_name =~ "RealDigital Boo 887100000008A" && level==0 && jtag_device_ctx=="jsn1-0362f093-0"}
fpga -file C:/Users/alexa/viv_22_proj/microblaze_hdmi/sdk/mb_hdmi/_ide/bitstream/mb_usb_hdmi_top.bit
targets -set -nocase -filter {name =~ "*microblaze*#0" && bscan=="USER2" }
loadhw -hw C:/Users/alexa/viv_22_proj/microblaze_hdmi/sdk/mb_usb_hdmi_top/export/mb_usb_hdmi_top/hw/mb_usb_hdmi_top.xsa -regs
configparams mdm-detect-bscan-mask 2
targets -set -nocase -filter {name =~ "*microblaze*#0" && bscan=="USER2" }
rst -system
after 3000
targets -set -nocase -filter {name =~ "*microblaze*#0" && bscan=="USER2" }
dow C:/Users/alexa/viv_22_proj/microblaze_hdmi/sdk/mb_hdmi/Debug/mb_hdmi.elf
----------------End of Script----------------

00:32:26 INFO  : Context for processor 'microblaze_0' is selected.
00:32:26 INFO  : 'con' command is executed.
00:32:26 INFO  : ----------------XSDB Script (After Launch)----------------
targets -set -nocase -filter {name =~ "*microblaze*#0" && bscan=="USER2" }
con
----------------End of Script----------------

00:32:26 INFO  : Disconnected from the channel tcfchan#16.
11:16:28 DEBUG : Logs will be stored at 'C:/Users/alexa/viv_22_proj/microblaze_hdmi/sdk/IDE.log'.
11:16:29 INFO  : Launching XSCT server: xsct.bat -n  -interactive C:\Users\alexa\viv_22_proj\microblaze_hdmi\sdk\temp_xsdb_launch_script.tcl
11:16:31 INFO  : XSCT server has started successfully.
11:16:31 INFO  : Successfully done setting XSCT server connection channel  
11:16:31 INFO  : plnx-install-location is set to ''
11:16:31 INFO  : Successfully done setting workspace for the tool. 
11:16:32 INFO  : Registering command handlers for Vitis TCF services
11:16:33 INFO  : Platform repository initialization has completed.
11:16:39 INFO  : Successfully done query RDI_DATADIR 
11:17:24 INFO  : Hardware specification for platform project 'mb_usb_hdmi_top' is updated.
11:17:36 INFO  : Result from executing command 'removePlatformRepo': 
11:26:12 ERROR : Invalid hardware specification '${sdxTcfLaunchFile:project=mb_hdmi;fileType=hw;}' in launch configuration 'Debugger_mb_hdmi-GDB'.
11:26:30 INFO  : Result from executing command 'getProjects': mb_usb_hdmi_top
11:26:30 INFO  : Result from executing command 'getPlatforms': xilinx_vck190_base_202220_1|C:/Xilinx/Vitis/2022.2/base_platforms/xilinx_vck190_base_202220_1/xilinx_vck190_base_202220_1.xpfm;xilinx_vck190_base_dfx_202220_1|C:/Xilinx/Vitis/2022.2/base_platforms/xilinx_vck190_base_dfx_202220_1/xilinx_vck190_base_dfx_202220_1.xpfm;xilinx_vmk180_base_202220_1|C:/Xilinx/Vitis/2022.2/base_platforms/xilinx_vmk180_base_202220_1/xilinx_vmk180_base_202220_1.xpfm;xilinx_zcu102_base_202220_1|C:/Xilinx/Vitis/2022.2/base_platforms/xilinx_zcu102_base_202220_1/xilinx_zcu102_base_202220_1.xpfm;xilinx_zcu102_base_dfx_202220_1|C:/Xilinx/Vitis/2022.2/base_platforms/xilinx_zcu102_base_dfx_202220_1/xilinx_zcu102_base_dfx_202220_1.xpfm;xilinx_zcu104_base_202220_1|C:/Xilinx/Vitis/2022.2/base_platforms/xilinx_zcu104_base_202220_1/xilinx_zcu104_base_202220_1.xpfm
11:26:31 INFO  : Checking for BSP changes to sync application flags for project 'mb_hdmi'...
11:26:42 INFO  : Checking for BSP changes to sync application flags for project 'mb_hdmi'...
11:26:43 INFO  : The hardware specification used by project 'mb_hdmi' is out of sync with the platform. Resource files extracted from the hardware specification will be updated.
11:26:43 INFO  : The file 'C:\Users\alexa\viv_22_proj\microblaze_hdmi\sdk\mb_hdmi\_ide\bitstream\mb_usb_hdmi_top.bit' stored in project is removed.
11:26:43 INFO  : The file 'C:\Users\alexa\viv_22_proj\microblaze_hdmi\sdk\mb_hdmi\_ide\bitstream\mb_usb_hdmi_top.mmi' stored in project is removed.
11:26:43 INFO  : The updated bitstream files are copied from platform to folder 'C:\Users\alexa\viv_22_proj\microblaze_hdmi\sdk\mb_hdmi\_ide\bitstream' in project 'mb_hdmi'.
11:26:50 INFO  : Connected to target on host '127.0.0.1' and port '3121'.
11:26:51 INFO  : Jtag cable 'RealDigital Boo 887100000008A' is selected.
11:26:51 INFO  : 'jtag frequency' command is executed.
11:26:51 INFO  : 'targets -set -filter {jtag_cable_name =~ "RealDigital Boo 887100000008A" && level==0 && jtag_device_ctx=="jsn1-0362f093-0"}' command is executed.
11:26:52 INFO  : Device configured successfully with "C:/Users/alexa/viv_22_proj/microblaze_hdmi/sdk/mb_hdmi/_ide/bitstream/mb_usb_hdmi_top.bit"
11:26:53 INFO  : Context for processor 'microblaze_0' is selected.
11:26:53 INFO  : Hardware design and registers information is loaded from 'C:/Users/alexa/viv_22_proj/microblaze_hdmi/sdk/mb_usb_hdmi_top/export/mb_usb_hdmi_top/hw/mb_usb_hdmi_top.xsa'.
11:26:53 INFO  : 'configparams mdm-detect-bscan-mask 2' command is executed.
11:26:53 INFO  : Context for processor 'microblaze_0' is selected.
11:26:53 INFO  : System reset is completed.
11:26:56 INFO  : 'after 3000' command is executed.
11:26:56 INFO  : Context for processor 'microblaze_0' is selected.
11:26:56 INFO  : The application 'C:/Users/alexa/viv_22_proj/microblaze_hdmi/sdk/mb_hdmi/Debug/mb_hdmi.elf' is downloaded to processor 'microblaze_0'.
11:26:56 INFO  : ----------------XSDB Script----------------
connect -url tcp:127.0.0.1:3121
targets -set -filter {jtag_cable_name =~ "RealDigital Boo 887100000008A" && level==0 && jtag_device_ctx=="jsn1-0362f093-0"}
fpga -file C:/Users/alexa/viv_22_proj/microblaze_hdmi/sdk/mb_hdmi/_ide/bitstream/mb_usb_hdmi_top.bit
targets -set -nocase -filter {name =~ "*microblaze*#0" && bscan=="USER2" }
loadhw -hw C:/Users/alexa/viv_22_proj/microblaze_hdmi/sdk/mb_usb_hdmi_top/export/mb_usb_hdmi_top/hw/mb_usb_hdmi_top.xsa -regs
configparams mdm-detect-bscan-mask 2
targets -set -nocase -filter {name =~ "*microblaze*#0" && bscan=="USER2" }
rst -system
after 3000
targets -set -nocase -filter {name =~ "*microblaze*#0" && bscan=="USER2" }
dow C:/Users/alexa/viv_22_proj/microblaze_hdmi/sdk/mb_hdmi/Debug/mb_hdmi.elf
----------------End of Script----------------

11:26:56 INFO  : Context for processor 'microblaze_0' is selected.
11:26:56 INFO  : 'con' command is executed.
11:26:56 INFO  : ----------------XSDB Script (After Launch)----------------
targets -set -nocase -filter {name =~ "*microblaze*#0" && bscan=="USER2" }
con
----------------End of Script----------------

11:26:56 INFO  : Disconnected from the channel tcfchan#3.
11:28:21 INFO  : Connected to target on host '127.0.0.1' and port '3121'.
11:28:21 INFO  : Jtag cable 'RealDigital Boo 887100000008A' is selected.
11:28:21 INFO  : 'jtag frequency' command is executed.
11:28:21 INFO  : 'targets -set -filter {jtag_cable_name =~ "RealDigital Boo 887100000008A" && level==0 && jtag_device_ctx=="jsn1-0362f093-0"}' command is executed.
11:28:22 INFO  : Device configured successfully with "C:/Users/alexa/viv_22_proj/microblaze_hdmi/sdk/mb_hdmi/_ide/bitstream/mb_usb_hdmi_top.bit"
11:28:23 INFO  : Context for processor 'microblaze_0' is selected.
11:28:23 INFO  : Hardware design and registers information is loaded from 'C:/Users/alexa/viv_22_proj/microblaze_hdmi/sdk/mb_usb_hdmi_top/export/mb_usb_hdmi_top/hw/mb_usb_hdmi_top.xsa'.
11:28:23 INFO  : 'configparams mdm-detect-bscan-mask 2' command is executed.
11:28:23 INFO  : Context for processor 'microblaze_0' is selected.
11:28:23 INFO  : System reset is completed.
11:28:26 INFO  : 'after 3000' command is executed.
11:28:26 INFO  : Context for processor 'microblaze_0' is selected.
11:28:26 INFO  : The application 'C:/Users/alexa/viv_22_proj/microblaze_hdmi/sdk/mb_hdmi/Debug/mb_hdmi.elf' is downloaded to processor 'microblaze_0'.
11:28:26 INFO  : ----------------XSDB Script----------------
connect -url tcp:127.0.0.1:3121
targets -set -filter {jtag_cable_name =~ "RealDigital Boo 887100000008A" && level==0 && jtag_device_ctx=="jsn1-0362f093-0"}
fpga -file C:/Users/alexa/viv_22_proj/microblaze_hdmi/sdk/mb_hdmi/_ide/bitstream/mb_usb_hdmi_top.bit
targets -set -nocase -filter {name =~ "*microblaze*#0" && bscan=="USER2" }
loadhw -hw C:/Users/alexa/viv_22_proj/microblaze_hdmi/sdk/mb_usb_hdmi_top/export/mb_usb_hdmi_top/hw/mb_usb_hdmi_top.xsa -regs
configparams mdm-detect-bscan-mask 2
targets -set -nocase -filter {name =~ "*microblaze*#0" && bscan=="USER2" }
rst -system
after 3000
targets -set -nocase -filter {name =~ "*microblaze*#0" && bscan=="USER2" }
dow C:/Users/alexa/viv_22_proj/microblaze_hdmi/sdk/mb_hdmi/Debug/mb_hdmi.elf
----------------End of Script----------------

11:28:26 INFO  : Context for processor 'microblaze_0' is selected.
11:28:26 INFO  : 'con' command is executed.
11:28:26 INFO  : ----------------XSDB Script (After Launch)----------------
targets -set -nocase -filter {name =~ "*microblaze*#0" && bscan=="USER2" }
con
----------------End of Script----------------

11:28:26 INFO  : Disconnected from the channel tcfchan#4.
11:29:30 INFO  : Checking for BSP changes to sync application flags for project 'mb_hdmi'...
11:29:39 INFO  : Checking for BSP changes to sync application flags for project 'mb_hdmi'...
11:29:58 INFO  : Connected to target on host '127.0.0.1' and port '3121'.
11:29:58 INFO  : Jtag cable 'RealDigital Boo 887100000008A' is selected.
11:29:58 INFO  : 'jtag frequency' command is executed.
11:29:58 INFO  : 'targets -set -filter {jtag_cable_name =~ "RealDigital Boo 887100000008A" && level==0 && jtag_device_ctx=="jsn1-0362f093-0"}' command is executed.
11:29:59 INFO  : Device configured successfully with "C:/Users/alexa/viv_22_proj/microblaze_hdmi/sdk/mb_hdmi/_ide/bitstream/mb_usb_hdmi_top.bit"
11:29:59 INFO  : Context for processor 'microblaze_0' is selected.
11:29:59 INFO  : Hardware design and registers information is loaded from 'C:/Users/alexa/viv_22_proj/microblaze_hdmi/sdk/mb_usb_hdmi_top/export/mb_usb_hdmi_top/hw/mb_usb_hdmi_top.xsa'.
11:29:59 INFO  : 'configparams mdm-detect-bscan-mask 2' command is executed.
11:29:59 INFO  : Context for processor 'microblaze_0' is selected.
11:29:59 INFO  : System reset is completed.
11:30:02 INFO  : 'after 3000' command is executed.
11:30:02 INFO  : Context for processor 'microblaze_0' is selected.
11:30:03 INFO  : The application 'C:/Users/alexa/viv_22_proj/microblaze_hdmi/sdk/mb_hdmi/Debug/mb_hdmi.elf' is downloaded to processor 'microblaze_0'.
11:30:03 INFO  : ----------------XSDB Script----------------
connect -url tcp:127.0.0.1:3121
targets -set -filter {jtag_cable_name =~ "RealDigital Boo 887100000008A" && level==0 && jtag_device_ctx=="jsn1-0362f093-0"}
fpga -file C:/Users/alexa/viv_22_proj/microblaze_hdmi/sdk/mb_hdmi/_ide/bitstream/mb_usb_hdmi_top.bit
targets -set -nocase -filter {name =~ "*microblaze*#0" && bscan=="USER2" }
loadhw -hw C:/Users/alexa/viv_22_proj/microblaze_hdmi/sdk/mb_usb_hdmi_top/export/mb_usb_hdmi_top/hw/mb_usb_hdmi_top.xsa -regs
configparams mdm-detect-bscan-mask 2
targets -set -nocase -filter {name =~ "*microblaze*#0" && bscan=="USER2" }
rst -system
after 3000
targets -set -nocase -filter {name =~ "*microblaze*#0" && bscan=="USER2" }
dow C:/Users/alexa/viv_22_proj/microblaze_hdmi/sdk/mb_hdmi/Debug/mb_hdmi.elf
----------------End of Script----------------

11:30:03 INFO  : Context for processor 'microblaze_0' is selected.
11:30:03 INFO  : 'con' command is executed.
11:30:03 INFO  : ----------------XSDB Script (After Launch)----------------
targets -set -nocase -filter {name =~ "*microblaze*#0" && bscan=="USER2" }
con
----------------End of Script----------------

11:30:03 INFO  : Disconnected from the channel tcfchan#5.
11:56:27 DEBUG : Logs will be stored at 'C:/Users/alexa/viv_22_proj/microblaze_hdmi/sdk/IDE.log'.
11:56:28 INFO  : Launching XSCT server: xsct.bat -n  -interactive C:\Users\alexa\viv_22_proj\microblaze_hdmi\sdk\temp_xsdb_launch_script.tcl
11:56:31 INFO  : XSCT server has started successfully.
11:56:31 INFO  : plnx-install-location is set to ''
11:56:31 INFO  : Successfully done setting XSCT server connection channel  
11:56:31 INFO  : Successfully done setting workspace for the tool. 
11:56:32 INFO  : Successfully done query RDI_DATADIR 
11:56:32 INFO  : Registering command handlers for Vitis TCF services
11:56:33 INFO  : Platform repository initialization has completed.
11:56:48 INFO  : Hardware specification for platform project 'mb_usb_hdmi_top' is updated.
11:56:58 INFO  : Result from executing command 'removePlatformRepo': 
11:57:12 INFO  : Result from executing command 'getProjects': mb_usb_hdmi_top
11:57:12 INFO  : Result from executing command 'getPlatforms': xilinx_vck190_base_202220_1|C:/Xilinx/Vitis/2022.2/base_platforms/xilinx_vck190_base_202220_1/xilinx_vck190_base_202220_1.xpfm;xilinx_vck190_base_dfx_202220_1|C:/Xilinx/Vitis/2022.2/base_platforms/xilinx_vck190_base_dfx_202220_1/xilinx_vck190_base_dfx_202220_1.xpfm;xilinx_vmk180_base_202220_1|C:/Xilinx/Vitis/2022.2/base_platforms/xilinx_vmk180_base_202220_1/xilinx_vmk180_base_202220_1.xpfm;xilinx_zcu102_base_202220_1|C:/Xilinx/Vitis/2022.2/base_platforms/xilinx_zcu102_base_202220_1/xilinx_zcu102_base_202220_1.xpfm;xilinx_zcu102_base_dfx_202220_1|C:/Xilinx/Vitis/2022.2/base_platforms/xilinx_zcu102_base_dfx_202220_1/xilinx_zcu102_base_dfx_202220_1.xpfm;xilinx_zcu104_base_202220_1|C:/Xilinx/Vitis/2022.2/base_platforms/xilinx_zcu104_base_202220_1/xilinx_zcu104_base_202220_1.xpfm
11:57:23 INFO  : Result from executing command 'removePlatformRepo': 
11:57:34 INFO  : Result from executing command 'getProjects': mb_usb_hdmi_top
11:57:34 INFO  : Result from executing command 'getPlatforms': xilinx_vck190_base_202220_1|C:/Xilinx/Vitis/2022.2/base_platforms/xilinx_vck190_base_202220_1/xilinx_vck190_base_202220_1.xpfm;xilinx_vck190_base_dfx_202220_1|C:/Xilinx/Vitis/2022.2/base_platforms/xilinx_vck190_base_dfx_202220_1/xilinx_vck190_base_dfx_202220_1.xpfm;xilinx_vmk180_base_202220_1|C:/Xilinx/Vitis/2022.2/base_platforms/xilinx_vmk180_base_202220_1/xilinx_vmk180_base_202220_1.xpfm;xilinx_zcu102_base_202220_1|C:/Xilinx/Vitis/2022.2/base_platforms/xilinx_zcu102_base_202220_1/xilinx_zcu102_base_202220_1.xpfm;xilinx_zcu102_base_dfx_202220_1|C:/Xilinx/Vitis/2022.2/base_platforms/xilinx_zcu102_base_dfx_202220_1/xilinx_zcu102_base_dfx_202220_1.xpfm;xilinx_zcu104_base_202220_1|C:/Xilinx/Vitis/2022.2/base_platforms/xilinx_zcu104_base_202220_1/xilinx_zcu104_base_202220_1.xpfm
11:57:35 INFO  : Checking for BSP changes to sync application flags for project 'mb_hdmi'...
11:57:39 INFO  : The hardware specification used by project 'mb_hdmi' is out of sync with the platform. Resource files extracted from the hardware specification will be updated.
11:57:39 INFO  : The file 'C:\Users\alexa\viv_22_proj\microblaze_hdmi\sdk\mb_hdmi\_ide\bitstream\mb_usb_hdmi_top.bit' stored in project is removed.
11:57:39 INFO  : The file 'C:\Users\alexa\viv_22_proj\microblaze_hdmi\sdk\mb_hdmi\_ide\bitstream\mb_usb_hdmi_top.mmi' stored in project is removed.
11:57:39 INFO  : The updated bitstream files are copied from platform to folder 'C:\Users\alexa\viv_22_proj\microblaze_hdmi\sdk\mb_hdmi\_ide\bitstream' in project 'mb_hdmi'.
11:57:43 INFO  : Checking for BSP changes to sync application flags for project 'mb_hdmi'...
11:57:47 INFO  : Checking for BSP changes to sync application flags for project 'mb_hdmi'...
11:58:06 INFO  : Connected to target on host '127.0.0.1' and port '3121'.
11:58:07 INFO  : Jtag cable 'RealDigital Boo 887100000008A' is selected.
11:58:07 INFO  : 'jtag frequency' command is executed.
11:58:07 INFO  : 'targets -set -filter {jtag_cable_name =~ "RealDigital Boo 887100000008A" && level==0 && jtag_device_ctx=="jsn1-0362f093-0"}' command is executed.
11:58:08 INFO  : Device configured successfully with "C:/Users/alexa/viv_22_proj/microblaze_hdmi/sdk/mb_hdmi/_ide/bitstream/mb_usb_hdmi_top.bit"
11:58:08 INFO  : Context for processor 'microblaze_0' is selected.
11:58:08 INFO  : Hardware design and registers information is loaded from 'C:/Users/alexa/viv_22_proj/microblaze_hdmi/sdk/mb_usb_hdmi_top/export/mb_usb_hdmi_top/hw/mb_usb_hdmi_top.xsa'.
11:58:08 INFO  : 'configparams mdm-detect-bscan-mask 2' command is executed.
11:58:08 INFO  : Context for processor 'microblaze_0' is selected.
11:58:08 INFO  : System reset is completed.
11:58:11 INFO  : 'after 3000' command is executed.
11:58:11 INFO  : Context for processor 'microblaze_0' is selected.
11:58:12 INFO  : The application 'C:/Users/alexa/viv_22_proj/microblaze_hdmi/sdk/mb_hdmi/Debug/mb_hdmi.elf' is downloaded to processor 'microblaze_0'.
11:58:12 INFO  : ----------------XSDB Script----------------
connect -url tcp:127.0.0.1:3121
targets -set -filter {jtag_cable_name =~ "RealDigital Boo 887100000008A" && level==0 && jtag_device_ctx=="jsn1-0362f093-0"}
fpga -file C:/Users/alexa/viv_22_proj/microblaze_hdmi/sdk/mb_hdmi/_ide/bitstream/mb_usb_hdmi_top.bit
targets -set -nocase -filter {name =~ "*microblaze*#0" && bscan=="USER2" }
loadhw -hw C:/Users/alexa/viv_22_proj/microblaze_hdmi/sdk/mb_usb_hdmi_top/export/mb_usb_hdmi_top/hw/mb_usb_hdmi_top.xsa -regs
configparams mdm-detect-bscan-mask 2
targets -set -nocase -filter {name =~ "*microblaze*#0" && bscan=="USER2" }
rst -system
after 3000
targets -set -nocase -filter {name =~ "*microblaze*#0" && bscan=="USER2" }
dow C:/Users/alexa/viv_22_proj/microblaze_hdmi/sdk/mb_hdmi/Debug/mb_hdmi.elf
----------------End of Script----------------

11:58:12 INFO  : Context for processor 'microblaze_0' is selected.
11:58:12 INFO  : 'con' command is executed.
11:58:12 INFO  : ----------------XSDB Script (After Launch)----------------
targets -set -nocase -filter {name =~ "*microblaze*#0" && bscan=="USER2" }
con
----------------End of Script----------------

11:58:12 INFO  : Disconnected from the channel tcfchan#5.
11:59:10 INFO  : Hardware specification for platform project 'mb_usb_hdmi_top' is updated.
11:59:21 INFO  : Result from executing command 'removePlatformRepo': 
11:59:33 INFO  : Result from executing command 'getProjects': mb_usb_hdmi_top
11:59:33 INFO  : Result from executing command 'getPlatforms': xilinx_vck190_base_202220_1|C:/Xilinx/Vitis/2022.2/base_platforms/xilinx_vck190_base_202220_1/xilinx_vck190_base_202220_1.xpfm;xilinx_vck190_base_dfx_202220_1|C:/Xilinx/Vitis/2022.2/base_platforms/xilinx_vck190_base_dfx_202220_1/xilinx_vck190_base_dfx_202220_1.xpfm;xilinx_vmk180_base_202220_1|C:/Xilinx/Vitis/2022.2/base_platforms/xilinx_vmk180_base_202220_1/xilinx_vmk180_base_202220_1.xpfm;xilinx_zcu102_base_202220_1|C:/Xilinx/Vitis/2022.2/base_platforms/xilinx_zcu102_base_202220_1/xilinx_zcu102_base_202220_1.xpfm;xilinx_zcu102_base_dfx_202220_1|C:/Xilinx/Vitis/2022.2/base_platforms/xilinx_zcu102_base_dfx_202220_1/xilinx_zcu102_base_dfx_202220_1.xpfm;xilinx_zcu104_base_202220_1|C:/Xilinx/Vitis/2022.2/base_platforms/xilinx_zcu104_base_202220_1/xilinx_zcu104_base_202220_1.xpfm
11:59:40 INFO  : Checking for BSP changes to sync application flags for project 'mb_hdmi'...
11:59:48 INFO  : Checking for BSP changes to sync application flags for project 'mb_hdmi'...
11:59:54 INFO  : Connected to target on host '127.0.0.1' and port '3121'.
11:59:55 INFO  : Jtag cable 'RealDigital Boo 887100000008A' is selected.
11:59:55 INFO  : 'jtag frequency' command is executed.
11:59:55 INFO  : 'targets -set -filter {jtag_cable_name =~ "RealDigital Boo 887100000008A" && level==0 && jtag_device_ctx=="jsn1-0362f093-0"}' command is executed.
11:59:56 INFO  : Device configured successfully with "C:/Users/alexa/viv_22_proj/microblaze_hdmi/sdk/mb_hdmi/_ide/bitstream/mb_usb_hdmi_top.bit"
11:59:56 INFO  : Context for processor 'microblaze_0' is selected.
11:59:56 INFO  : Hardware design and registers information is loaded from 'C:/Users/alexa/viv_22_proj/microblaze_hdmi/sdk/mb_usb_hdmi_top/export/mb_usb_hdmi_top/hw/mb_usb_hdmi_top.xsa'.
11:59:56 INFO  : 'configparams mdm-detect-bscan-mask 2' command is executed.
11:59:56 INFO  : Context for processor 'microblaze_0' is selected.
11:59:56 INFO  : System reset is completed.
11:59:59 INFO  : 'after 3000' command is executed.
11:59:59 INFO  : Context for processor 'microblaze_0' is selected.
12:00:00 INFO  : The application 'C:/Users/alexa/viv_22_proj/microblaze_hdmi/sdk/mb_hdmi/Debug/mb_hdmi.elf' is downloaded to processor 'microblaze_0'.
12:00:00 INFO  : ----------------XSDB Script----------------
connect -url tcp:127.0.0.1:3121
targets -set -filter {jtag_cable_name =~ "RealDigital Boo 887100000008A" && level==0 && jtag_device_ctx=="jsn1-0362f093-0"}
fpga -file C:/Users/alexa/viv_22_proj/microblaze_hdmi/sdk/mb_hdmi/_ide/bitstream/mb_usb_hdmi_top.bit
targets -set -nocase -filter {name =~ "*microblaze*#0" && bscan=="USER2" }
loadhw -hw C:/Users/alexa/viv_22_proj/microblaze_hdmi/sdk/mb_usb_hdmi_top/export/mb_usb_hdmi_top/hw/mb_usb_hdmi_top.xsa -regs
configparams mdm-detect-bscan-mask 2
targets -set -nocase -filter {name =~ "*microblaze*#0" && bscan=="USER2" }
rst -system
after 3000
targets -set -nocase -filter {name =~ "*microblaze*#0" && bscan=="USER2" }
dow C:/Users/alexa/viv_22_proj/microblaze_hdmi/sdk/mb_hdmi/Debug/mb_hdmi.elf
----------------End of Script----------------

12:00:00 INFO  : Context for processor 'microblaze_0' is selected.
12:00:00 INFO  : 'con' command is executed.
12:00:00 INFO  : ----------------XSDB Script (After Launch)----------------
targets -set -nocase -filter {name =~ "*microblaze*#0" && bscan=="USER2" }
con
----------------End of Script----------------

12:00:00 INFO  : Disconnected from the channel tcfchan#8.
12:06:08 DEBUG : Logs will be stored at 'C:/Users/alexa/viv_22_proj/microblaze_hdmi/sdk/IDE.log'.
12:06:09 INFO  : Launching XSCT server: xsct.bat -n  -interactive C:\Users\alexa\viv_22_proj\microblaze_hdmi\sdk\temp_xsdb_launch_script.tcl
12:06:13 INFO  : Registering command handlers for Vitis TCF services
12:06:15 INFO  : Platform repository initialization has completed.
12:06:16 INFO  : XSCT server has started successfully.
12:06:27 INFO  : plnx-install-location is set to ''
12:06:27 INFO  : Successfully done setting XSCT server connection channel  
12:06:28 INFO  : Successfully done query RDI_DATADIR 
12:06:28 INFO  : Successfully done setting workspace for the tool. 
12:07:41 INFO  : Hardware specification for platform project 'mb_usb_hdmi_top' is updated.
12:07:51 INFO  : Result from executing command 'removePlatformRepo': 
12:08:13 INFO  : Result from executing command 'getProjects': mb_usb_hdmi_top
12:08:13 INFO  : Result from executing command 'getPlatforms': xilinx_vck190_base_202220_1|C:/Xilinx/Vitis/2022.2/base_platforms/xilinx_vck190_base_202220_1/xilinx_vck190_base_202220_1.xpfm;xilinx_vck190_base_dfx_202220_1|C:/Xilinx/Vitis/2022.2/base_platforms/xilinx_vck190_base_dfx_202220_1/xilinx_vck190_base_dfx_202220_1.xpfm;xilinx_vmk180_base_202220_1|C:/Xilinx/Vitis/2022.2/base_platforms/xilinx_vmk180_base_202220_1/xilinx_vmk180_base_202220_1.xpfm;xilinx_zcu102_base_202220_1|C:/Xilinx/Vitis/2022.2/base_platforms/xilinx_zcu102_base_202220_1/xilinx_zcu102_base_202220_1.xpfm;xilinx_zcu102_base_dfx_202220_1|C:/Xilinx/Vitis/2022.2/base_platforms/xilinx_zcu102_base_dfx_202220_1/xilinx_zcu102_base_dfx_202220_1.xpfm;xilinx_zcu104_base_202220_1|C:/Xilinx/Vitis/2022.2/base_platforms/xilinx_zcu104_base_202220_1/xilinx_zcu104_base_202220_1.xpfm
12:08:21 INFO  : Checking for BSP changes to sync application flags for project 'mb_hdmi'...
12:08:43 INFO  : Connected to target on host '127.0.0.1' and port '3121'.
12:08:43 INFO  : Jtag cable 'RealDigital Boo 887100000008A' is selected.
12:08:43 INFO  : 'jtag frequency' command is executed.
12:08:43 INFO  : 'targets -set -filter {jtag_cable_name =~ "RealDigital Boo 887100000008A" && level==0 && jtag_device_ctx=="jsn1-0362f093-0"}' command is executed.
12:08:45 INFO  : Device configured successfully with "C:/Users/alexa/viv_22_proj/microblaze_hdmi/sdk/mb_hdmi/_ide/bitstream/mb_usb_hdmi_top.bit"
12:08:45 INFO  : Context for processor 'microblaze_0' is selected.
12:08:45 INFO  : Hardware design and registers information is loaded from 'C:/Users/alexa/viv_22_proj/microblaze_hdmi/sdk/mb_usb_hdmi_top/export/mb_usb_hdmi_top/hw/mb_usb_hdmi_top.xsa'.
12:08:45 INFO  : 'configparams mdm-detect-bscan-mask 2' command is executed.
12:08:45 INFO  : Context for processor 'microblaze_0' is selected.
12:08:45 INFO  : System reset is completed.
12:08:48 INFO  : 'after 3000' command is executed.
12:08:48 INFO  : Context for processor 'microblaze_0' is selected.
12:08:48 INFO  : The application 'C:/Users/alexa/viv_22_proj/microblaze_hdmi/sdk/mb_hdmi/Debug/mb_hdmi.elf' is downloaded to processor 'microblaze_0'.
12:08:48 INFO  : ----------------XSDB Script----------------
connect -url tcp:127.0.0.1:3121
targets -set -filter {jtag_cable_name =~ "RealDigital Boo 887100000008A" && level==0 && jtag_device_ctx=="jsn1-0362f093-0"}
fpga -file C:/Users/alexa/viv_22_proj/microblaze_hdmi/sdk/mb_hdmi/_ide/bitstream/mb_usb_hdmi_top.bit
targets -set -nocase -filter {name =~ "*microblaze*#0" && bscan=="USER2" }
loadhw -hw C:/Users/alexa/viv_22_proj/microblaze_hdmi/sdk/mb_usb_hdmi_top/export/mb_usb_hdmi_top/hw/mb_usb_hdmi_top.xsa -regs
configparams mdm-detect-bscan-mask 2
targets -set -nocase -filter {name =~ "*microblaze*#0" && bscan=="USER2" }
rst -system
after 3000
targets -set -nocase -filter {name =~ "*microblaze*#0" && bscan=="USER2" }
dow C:/Users/alexa/viv_22_proj/microblaze_hdmi/sdk/mb_hdmi/Debug/mb_hdmi.elf
----------------End of Script----------------

12:08:48 INFO  : Context for processor 'microblaze_0' is selected.
12:08:48 INFO  : 'con' command is executed.
12:08:48 INFO  : ----------------XSDB Script (After Launch)----------------
targets -set -nocase -filter {name =~ "*microblaze*#0" && bscan=="USER2" }
con
----------------End of Script----------------

12:08:48 INFO  : Disconnected from the channel tcfchan#3.
12:09:25 INFO  : Checking for BSP changes to sync application flags for project 'mb_hdmi'...
12:09:29 INFO  : Checking for BSP changes to sync application flags for project 'mb_hdmi'...
12:09:37 INFO  : Connected to target on host '127.0.0.1' and port '3121'.
12:09:38 INFO  : Jtag cable 'RealDigital Boo 887100000008A' is selected.
12:09:38 INFO  : 'jtag frequency' command is executed.
12:09:38 INFO  : 'targets -set -filter {jtag_cable_name =~ "RealDigital Boo 887100000008A" && level==0 && jtag_device_ctx=="jsn1-0362f093-0"}' command is executed.
12:09:39 INFO  : Device configured successfully with "C:/Users/alexa/viv_22_proj/microblaze_hdmi/sdk/mb_hdmi/_ide/bitstream/mb_usb_hdmi_top.bit"
12:09:39 INFO  : Context for processor 'microblaze_0' is selected.
12:09:39 INFO  : Hardware design and registers information is loaded from 'C:/Users/alexa/viv_22_proj/microblaze_hdmi/sdk/mb_usb_hdmi_top/export/mb_usb_hdmi_top/hw/mb_usb_hdmi_top.xsa'.
12:09:39 INFO  : 'configparams mdm-detect-bscan-mask 2' command is executed.
12:09:39 INFO  : Context for processor 'microblaze_0' is selected.
12:09:39 INFO  : System reset is completed.
12:09:42 INFO  : 'after 3000' command is executed.
12:09:42 INFO  : Context for processor 'microblaze_0' is selected.
12:09:43 INFO  : The application 'C:/Users/alexa/viv_22_proj/microblaze_hdmi/sdk/mb_hdmi/Debug/mb_hdmi.elf' is downloaded to processor 'microblaze_0'.
12:09:43 INFO  : ----------------XSDB Script----------------
connect -url tcp:127.0.0.1:3121
targets -set -filter {jtag_cable_name =~ "RealDigital Boo 887100000008A" && level==0 && jtag_device_ctx=="jsn1-0362f093-0"}
fpga -file C:/Users/alexa/viv_22_proj/microblaze_hdmi/sdk/mb_hdmi/_ide/bitstream/mb_usb_hdmi_top.bit
targets -set -nocase -filter {name =~ "*microblaze*#0" && bscan=="USER2" }
loadhw -hw C:/Users/alexa/viv_22_proj/microblaze_hdmi/sdk/mb_usb_hdmi_top/export/mb_usb_hdmi_top/hw/mb_usb_hdmi_top.xsa -regs
configparams mdm-detect-bscan-mask 2
targets -set -nocase -filter {name =~ "*microblaze*#0" && bscan=="USER2" }
rst -system
after 3000
targets -set -nocase -filter {name =~ "*microblaze*#0" && bscan=="USER2" }
dow C:/Users/alexa/viv_22_proj/microblaze_hdmi/sdk/mb_hdmi/Debug/mb_hdmi.elf
----------------End of Script----------------

12:09:43 INFO  : Context for processor 'microblaze_0' is selected.
12:09:43 INFO  : 'con' command is executed.
12:09:43 INFO  : ----------------XSDB Script (After Launch)----------------
targets -set -nocase -filter {name =~ "*microblaze*#0" && bscan=="USER2" }
con
----------------End of Script----------------

12:09:43 INFO  : Disconnected from the channel tcfchan#4.
12:10:27 INFO  : Hardware specification for platform project 'mb_usb_hdmi_top' is updated.
12:11:09 INFO  : Hardware specification for platform project 'mb_usb_hdmi_top' is updated.
12:11:18 INFO  : Result from executing command 'removePlatformRepo': 
12:12:02 INFO  : Result from executing command 'getProjects': mb_usb_hdmi_top
12:12:02 INFO  : Result from executing command 'getPlatforms': xilinx_vck190_base_202220_1|C:/Xilinx/Vitis/2022.2/base_platforms/xilinx_vck190_base_202220_1/xilinx_vck190_base_202220_1.xpfm;xilinx_vck190_base_dfx_202220_1|C:/Xilinx/Vitis/2022.2/base_platforms/xilinx_vck190_base_dfx_202220_1/xilinx_vck190_base_dfx_202220_1.xpfm;xilinx_vmk180_base_202220_1|C:/Xilinx/Vitis/2022.2/base_platforms/xilinx_vmk180_base_202220_1/xilinx_vmk180_base_202220_1.xpfm;xilinx_zcu102_base_202220_1|C:/Xilinx/Vitis/2022.2/base_platforms/xilinx_zcu102_base_202220_1/xilinx_zcu102_base_202220_1.xpfm;xilinx_zcu102_base_dfx_202220_1|C:/Xilinx/Vitis/2022.2/base_platforms/xilinx_zcu102_base_dfx_202220_1/xilinx_zcu102_base_dfx_202220_1.xpfm;xilinx_zcu104_base_202220_1|C:/Xilinx/Vitis/2022.2/base_platforms/xilinx_zcu104_base_202220_1/xilinx_zcu104_base_202220_1.xpfm
12:12:09 INFO  : Checking for BSP changes to sync application flags for project 'mb_hdmi'...
12:12:11 INFO  : The hardware specification used by project 'mb_hdmi' is out of sync with the platform. Resource files extracted from the hardware specification will be updated.
12:12:11 INFO  : The file 'C:\Users\alexa\viv_22_proj\microblaze_hdmi\sdk\mb_hdmi\_ide\bitstream\mb_usb_hdmi_top.bit' stored in project is removed.
12:12:11 INFO  : The file 'C:\Users\alexa\viv_22_proj\microblaze_hdmi\sdk\mb_hdmi\_ide\bitstream\mb_usb_hdmi_top.mmi' stored in project is removed.
12:12:11 INFO  : The updated bitstream files are copied from platform to folder 'C:\Users\alexa\viv_22_proj\microblaze_hdmi\sdk\mb_hdmi\_ide\bitstream' in project 'mb_hdmi'.
12:12:16 INFO  : Checking for BSP changes to sync application flags for project 'mb_hdmi'...
12:12:25 INFO  : Connected to target on host '127.0.0.1' and port '3121'.
12:12:25 INFO  : Jtag cable 'RealDigital Boo 887100000008A' is selected.
12:12:25 INFO  : 'jtag frequency' command is executed.
12:12:25 INFO  : 'targets -set -filter {jtag_cable_name =~ "RealDigital Boo 887100000008A" && level==0 && jtag_device_ctx=="jsn1-0362f093-0"}' command is executed.
12:12:26 INFO  : Device configured successfully with "C:/Users/alexa/viv_22_proj/microblaze_hdmi/sdk/mb_hdmi/_ide/bitstream/mb_usb_hdmi_top.bit"
12:12:26 INFO  : Context for processor 'microblaze_0' is selected.
12:12:27 INFO  : Hardware design and registers information is loaded from 'C:/Users/alexa/viv_22_proj/microblaze_hdmi/sdk/mb_usb_hdmi_top/export/mb_usb_hdmi_top/hw/mb_usb_hdmi_top.xsa'.
12:12:27 INFO  : 'configparams mdm-detect-bscan-mask 2' command is executed.
12:12:27 INFO  : Context for processor 'microblaze_0' is selected.
12:12:27 INFO  : System reset is completed.
12:12:30 INFO  : 'after 3000' command is executed.
12:12:30 INFO  : Context for processor 'microblaze_0' is selected.
12:12:30 INFO  : The application 'C:/Users/alexa/viv_22_proj/microblaze_hdmi/sdk/mb_hdmi/Debug/mb_hdmi.elf' is downloaded to processor 'microblaze_0'.
12:12:30 INFO  : ----------------XSDB Script----------------
connect -url tcp:127.0.0.1:3121
targets -set -filter {jtag_cable_name =~ "RealDigital Boo 887100000008A" && level==0 && jtag_device_ctx=="jsn1-0362f093-0"}
fpga -file C:/Users/alexa/viv_22_proj/microblaze_hdmi/sdk/mb_hdmi/_ide/bitstream/mb_usb_hdmi_top.bit
targets -set -nocase -filter {name =~ "*microblaze*#0" && bscan=="USER2" }
loadhw -hw C:/Users/alexa/viv_22_proj/microblaze_hdmi/sdk/mb_usb_hdmi_top/export/mb_usb_hdmi_top/hw/mb_usb_hdmi_top.xsa -regs
configparams mdm-detect-bscan-mask 2
targets -set -nocase -filter {name =~ "*microblaze*#0" && bscan=="USER2" }
rst -system
after 3000
targets -set -nocase -filter {name =~ "*microblaze*#0" && bscan=="USER2" }
dow C:/Users/alexa/viv_22_proj/microblaze_hdmi/sdk/mb_hdmi/Debug/mb_hdmi.elf
----------------End of Script----------------

12:12:30 INFO  : Context for processor 'microblaze_0' is selected.
12:12:30 INFO  : 'con' command is executed.
12:12:30 INFO  : ----------------XSDB Script (After Launch)----------------
targets -set -nocase -filter {name =~ "*microblaze*#0" && bscan=="USER2" }
con
----------------End of Script----------------

12:12:30 INFO  : Disconnected from the channel tcfchan#7.
12:33:28 DEBUG : Logs will be stored at 'C:/Users/alexa/viv_22_proj/microblaze_hdmi/sdk/IDE.log'.
12:33:29 INFO  : Launching XSCT server: xsct.bat -n  -interactive C:\Users\alexa\viv_22_proj\microblaze_hdmi\sdk\temp_xsdb_launch_script.tcl
12:33:33 INFO  : Registering command handlers for Vitis TCF services
12:33:34 INFO  : Platform repository initialization has completed.
12:33:34 INFO  : XSCT server has started successfully.
12:33:47 INFO  : Successfully done setting XSCT server connection channel  
12:33:47 INFO  : plnx-install-location is set to ''
12:33:47 INFO  : Successfully done query RDI_DATADIR 
12:33:47 INFO  : Successfully done setting workspace for the tool. 
12:34:02 INFO  : Hardware specification for platform project 'mb_usb_hdmi_top' is updated.
12:34:19 INFO  : Result from executing command 'removePlatformRepo': 
12:34:41 INFO  : Result from executing command 'getProjects': mb_usb_hdmi_top
12:34:41 INFO  : Result from executing command 'getPlatforms': xilinx_vck190_base_202220_1|C:/Xilinx/Vitis/2022.2/base_platforms/xilinx_vck190_base_202220_1/xilinx_vck190_base_202220_1.xpfm;xilinx_vck190_base_dfx_202220_1|C:/Xilinx/Vitis/2022.2/base_platforms/xilinx_vck190_base_dfx_202220_1/xilinx_vck190_base_dfx_202220_1.xpfm;xilinx_vmk180_base_202220_1|C:/Xilinx/Vitis/2022.2/base_platforms/xilinx_vmk180_base_202220_1/xilinx_vmk180_base_202220_1.xpfm;xilinx_zcu102_base_202220_1|C:/Xilinx/Vitis/2022.2/base_platforms/xilinx_zcu102_base_202220_1/xilinx_zcu102_base_202220_1.xpfm;xilinx_zcu102_base_dfx_202220_1|C:/Xilinx/Vitis/2022.2/base_platforms/xilinx_zcu102_base_dfx_202220_1/xilinx_zcu102_base_dfx_202220_1.xpfm;xilinx_zcu104_base_202220_1|C:/Xilinx/Vitis/2022.2/base_platforms/xilinx_zcu104_base_202220_1/xilinx_zcu104_base_202220_1.xpfm
12:35:15 INFO  : Result from executing command 'removePlatformRepo': 
12:35:29 INFO  : Result from executing command 'getProjects': mb_usb_hdmi_top
12:35:29 INFO  : Result from executing command 'getPlatforms': xilinx_vck190_base_202220_1|C:/Xilinx/Vitis/2022.2/base_platforms/xilinx_vck190_base_202220_1/xilinx_vck190_base_202220_1.xpfm;xilinx_vck190_base_dfx_202220_1|C:/Xilinx/Vitis/2022.2/base_platforms/xilinx_vck190_base_dfx_202220_1/xilinx_vck190_base_dfx_202220_1.xpfm;xilinx_vmk180_base_202220_1|C:/Xilinx/Vitis/2022.2/base_platforms/xilinx_vmk180_base_202220_1/xilinx_vmk180_base_202220_1.xpfm;xilinx_zcu102_base_202220_1|C:/Xilinx/Vitis/2022.2/base_platforms/xilinx_zcu102_base_202220_1/xilinx_zcu102_base_202220_1.xpfm;xilinx_zcu102_base_dfx_202220_1|C:/Xilinx/Vitis/2022.2/base_platforms/xilinx_zcu102_base_dfx_202220_1/xilinx_zcu102_base_dfx_202220_1.xpfm;xilinx_zcu104_base_202220_1|C:/Xilinx/Vitis/2022.2/base_platforms/xilinx_zcu104_base_202220_1/xilinx_zcu104_base_202220_1.xpfm
12:35:30 INFO  : Checking for BSP changes to sync application flags for project 'mb_hdmi'...
12:35:34 INFO  : The hardware specification used by project 'mb_hdmi' is out of sync with the platform. Resource files extracted from the hardware specification will be updated.
12:35:34 INFO  : The file 'C:\Users\alexa\viv_22_proj\microblaze_hdmi\sdk\mb_hdmi\_ide\bitstream\mb_usb_hdmi_top.bit' stored in project is removed.
12:35:34 INFO  : The file 'C:\Users\alexa\viv_22_proj\microblaze_hdmi\sdk\mb_hdmi\_ide\bitstream\mb_usb_hdmi_top.mmi' stored in project is removed.
12:35:34 INFO  : The updated bitstream files are copied from platform to folder 'C:\Users\alexa\viv_22_proj\microblaze_hdmi\sdk\mb_hdmi\_ide\bitstream' in project 'mb_hdmi'.
12:35:37 INFO  : Checking for BSP changes to sync application flags for project 'mb_hdmi'...
12:35:42 INFO  : Checking for BSP changes to sync application flags for project 'mb_hdmi'...
12:35:46 INFO  : Checking for BSP changes to sync application flags for project 'mb_hdmi'...
12:36:11 INFO  : Connected to target on host '127.0.0.1' and port '3121'.
12:36:12 INFO  : Jtag cable 'RealDigital Boo 887100000008A' is selected.
12:36:12 INFO  : 'jtag frequency' command is executed.
12:36:12 INFO  : 'targets -set -filter {jtag_cable_name =~ "RealDigital Boo 887100000008A" && level==0 && jtag_device_ctx=="jsn1-0362f093-0"}' command is executed.
12:36:13 INFO  : Device configured successfully with "C:/Users/alexa/viv_22_proj/microblaze_hdmi/sdk/mb_hdmi/_ide/bitstream/mb_usb_hdmi_top.bit"
12:36:13 INFO  : Context for processor 'microblaze_0' is selected.
12:36:13 INFO  : Hardware design and registers information is loaded from 'C:/Users/alexa/viv_22_proj/microblaze_hdmi/sdk/mb_usb_hdmi_top/export/mb_usb_hdmi_top/hw/mb_usb_hdmi_top.xsa'.
12:36:13 INFO  : 'configparams mdm-detect-bscan-mask 2' command is executed.
12:36:13 INFO  : Context for processor 'microblaze_0' is selected.
12:36:13 INFO  : System reset is completed.
12:36:16 INFO  : 'after 3000' command is executed.
12:36:17 INFO  : Context for processor 'microblaze_0' is selected.
12:36:17 INFO  : The application 'C:/Users/alexa/viv_22_proj/microblaze_hdmi/sdk/mb_hdmi/Debug/mb_hdmi.elf' is downloaded to processor 'microblaze_0'.
12:36:17 INFO  : ----------------XSDB Script----------------
connect -url tcp:127.0.0.1:3121
targets -set -filter {jtag_cable_name =~ "RealDigital Boo 887100000008A" && level==0 && jtag_device_ctx=="jsn1-0362f093-0"}
fpga -file C:/Users/alexa/viv_22_proj/microblaze_hdmi/sdk/mb_hdmi/_ide/bitstream/mb_usb_hdmi_top.bit
targets -set -nocase -filter {name =~ "*microblaze*#0" && bscan=="USER2" }
loadhw -hw C:/Users/alexa/viv_22_proj/microblaze_hdmi/sdk/mb_usb_hdmi_top/export/mb_usb_hdmi_top/hw/mb_usb_hdmi_top.xsa -regs
configparams mdm-detect-bscan-mask 2
targets -set -nocase -filter {name =~ "*microblaze*#0" && bscan=="USER2" }
rst -system
after 3000
targets -set -nocase -filter {name =~ "*microblaze*#0" && bscan=="USER2" }
dow C:/Users/alexa/viv_22_proj/microblaze_hdmi/sdk/mb_hdmi/Debug/mb_hdmi.elf
----------------End of Script----------------

12:36:17 INFO  : Context for processor 'microblaze_0' is selected.
12:36:17 INFO  : 'con' command is executed.
12:36:17 INFO  : ----------------XSDB Script (After Launch)----------------
targets -set -nocase -filter {name =~ "*microblaze*#0" && bscan=="USER2" }
con
----------------End of Script----------------

12:36:17 INFO  : Disconnected from the channel tcfchan#5.
12:37:33 INFO  : Connected to target on host '127.0.0.1' and port '3121'.
12:37:33 INFO  : Jtag cable 'RealDigital Boo 887100000008A' is selected.
12:37:33 INFO  : 'jtag frequency' command is executed.
12:37:33 INFO  : 'targets -set -filter {jtag_cable_name =~ "RealDigital Boo 887100000008A" && level==0 && jtag_device_ctx=="jsn1-0362f093-0"}' command is executed.
12:37:35 INFO  : Device configured successfully with "C:/Users/alexa/viv_22_proj/microblaze_hdmi/sdk/mb_hdmi/_ide/bitstream/mb_usb_hdmi_top.bit"
12:37:35 INFO  : Context for processor 'microblaze_0' is selected.
12:37:35 INFO  : Hardware design and registers information is loaded from 'C:/Users/alexa/viv_22_proj/microblaze_hdmi/sdk/mb_usb_hdmi_top/export/mb_usb_hdmi_top/hw/mb_usb_hdmi_top.xsa'.
12:37:35 INFO  : 'configparams mdm-detect-bscan-mask 2' command is executed.
12:37:35 INFO  : Context for processor 'microblaze_0' is selected.
12:37:35 INFO  : System reset is completed.
12:37:38 INFO  : 'after 3000' command is executed.
12:37:38 INFO  : Context for processor 'microblaze_0' is selected.
12:37:38 INFO  : The application 'C:/Users/alexa/viv_22_proj/microblaze_hdmi/sdk/mb_hdmi/Debug/mb_hdmi.elf' is downloaded to processor 'microblaze_0'.
12:37:38 INFO  : ----------------XSDB Script----------------
connect -url tcp:127.0.0.1:3121
targets -set -filter {jtag_cable_name =~ "RealDigital Boo 887100000008A" && level==0 && jtag_device_ctx=="jsn1-0362f093-0"}
fpga -file C:/Users/alexa/viv_22_proj/microblaze_hdmi/sdk/mb_hdmi/_ide/bitstream/mb_usb_hdmi_top.bit
targets -set -nocase -filter {name =~ "*microblaze*#0" && bscan=="USER2" }
loadhw -hw C:/Users/alexa/viv_22_proj/microblaze_hdmi/sdk/mb_usb_hdmi_top/export/mb_usb_hdmi_top/hw/mb_usb_hdmi_top.xsa -regs
configparams mdm-detect-bscan-mask 2
targets -set -nocase -filter {name =~ "*microblaze*#0" && bscan=="USER2" }
rst -system
after 3000
targets -set -nocase -filter {name =~ "*microblaze*#0" && bscan=="USER2" }
dow C:/Users/alexa/viv_22_proj/microblaze_hdmi/sdk/mb_hdmi/Debug/mb_hdmi.elf
----------------End of Script----------------

12:37:38 INFO  : Context for processor 'microblaze_0' is selected.
12:37:38 INFO  : 'con' command is executed.
12:37:38 INFO  : ----------------XSDB Script (After Launch)----------------
targets -set -nocase -filter {name =~ "*microblaze*#0" && bscan=="USER2" }
con
----------------End of Script----------------

12:37:38 INFO  : Disconnected from the channel tcfchan#6.
12:43:26 DEBUG : Logs will be stored at 'C:/Users/alexa/viv_22_proj/microblaze_hdmi/sdk/IDE.log'.
12:43:27 INFO  : Launching XSCT server: xsct.bat -n  -interactive C:\Users\alexa\viv_22_proj\microblaze_hdmi\sdk\temp_xsdb_launch_script.tcl
12:43:30 INFO  : XSCT server has started successfully.
12:43:30 INFO  : Successfully done setting XSCT server connection channel  
12:43:30 INFO  : plnx-install-location is set to ''
12:43:30 INFO  : Successfully done setting workspace for the tool. 
12:43:31 INFO  : Successfully done query RDI_DATADIR 
12:43:31 INFO  : Registering command handlers for Vitis TCF services
12:43:31 INFO  : Platform repository initialization has completed.
12:43:53 INFO  : Checking for BSP changes to sync application flags for project 'mb_hdmi'...
12:44:20 INFO  : Connected to target on host '127.0.0.1' and port '3121'.
12:44:21 INFO  : Jtag cable 'RealDigital Boo 887100000008A' is selected.
12:44:21 INFO  : 'jtag frequency' command is executed.
12:44:21 INFO  : 'targets -set -filter {jtag_cable_name =~ "RealDigital Boo 887100000008A" && level==0 && jtag_device_ctx=="jsn1-0362f093-0"}' command is executed.
12:44:22 INFO  : Device configured successfully with "C:/Users/alexa/viv_22_proj/microblaze_hdmi/sdk/mb_hdmi/_ide/bitstream/mb_usb_hdmi_top.bit"
12:44:22 INFO  : Context for processor 'microblaze_0' is selected.
12:44:22 INFO  : Hardware design and registers information is loaded from 'C:/Users/alexa/viv_22_proj/microblaze_hdmi/sdk/mb_usb_hdmi_top/export/mb_usb_hdmi_top/hw/mb_usb_hdmi_top.xsa'.
12:44:22 INFO  : 'configparams mdm-detect-bscan-mask 2' command is executed.
12:44:22 INFO  : Context for processor 'microblaze_0' is selected.
12:44:22 INFO  : System reset is completed.
12:44:25 INFO  : 'after 3000' command is executed.
12:44:25 INFO  : Context for processor 'microblaze_0' is selected.
12:44:26 INFO  : The application 'C:/Users/alexa/viv_22_proj/microblaze_hdmi/sdk/mb_hdmi/Debug/mb_hdmi.elf' is downloaded to processor 'microblaze_0'.
12:44:26 INFO  : ----------------XSDB Script----------------
connect -url tcp:127.0.0.1:3121
targets -set -filter {jtag_cable_name =~ "RealDigital Boo 887100000008A" && level==0 && jtag_device_ctx=="jsn1-0362f093-0"}
fpga -file C:/Users/alexa/viv_22_proj/microblaze_hdmi/sdk/mb_hdmi/_ide/bitstream/mb_usb_hdmi_top.bit
targets -set -nocase -filter {name =~ "*microblaze*#0" && bscan=="USER2" }
loadhw -hw C:/Users/alexa/viv_22_proj/microblaze_hdmi/sdk/mb_usb_hdmi_top/export/mb_usb_hdmi_top/hw/mb_usb_hdmi_top.xsa -regs
configparams mdm-detect-bscan-mask 2
targets -set -nocase -filter {name =~ "*microblaze*#0" && bscan=="USER2" }
rst -system
after 3000
targets -set -nocase -filter {name =~ "*microblaze*#0" && bscan=="USER2" }
dow C:/Users/alexa/viv_22_proj/microblaze_hdmi/sdk/mb_hdmi/Debug/mb_hdmi.elf
----------------End of Script----------------

12:44:26 INFO  : Context for processor 'microblaze_0' is selected.
12:44:26 INFO  : 'con' command is executed.
12:44:26 INFO  : ----------------XSDB Script (After Launch)----------------
targets -set -nocase -filter {name =~ "*microblaze*#0" && bscan=="USER2" }
con
----------------End of Script----------------

12:44:26 INFO  : Disconnected from the channel tcfchan#1.
12:47:00 INFO  : Checking for BSP changes to sync application flags for project 'mb_hdmi'...
12:47:09 INFO  : Checking for BSP changes to sync application flags for project 'mb_hdmi'...
12:47:13 INFO  : Checking for BSP changes to sync application flags for project 'mb_hdmi'...
12:47:21 INFO  : Connected to target on host '127.0.0.1' and port '3121'.
12:47:21 INFO  : Jtag cable 'RealDigital Boo 887100000008A' is selected.
12:47:22 INFO  : 'jtag frequency' command is executed.
12:47:22 INFO  : 'targets -set -filter {jtag_cable_name =~ "RealDigital Boo 887100000008A" && level==0 && jtag_device_ctx=="jsn1-0362f093-0"}' command is executed.
12:47:23 INFO  : Device configured successfully with "C:/Users/alexa/viv_22_proj/microblaze_hdmi/sdk/mb_hdmi/_ide/bitstream/mb_usb_hdmi_top.bit"
12:47:23 INFO  : Context for processor 'microblaze_0' is selected.
12:47:23 INFO  : Hardware design and registers information is loaded from 'C:/Users/alexa/viv_22_proj/microblaze_hdmi/sdk/mb_usb_hdmi_top/export/mb_usb_hdmi_top/hw/mb_usb_hdmi_top.xsa'.
12:47:23 INFO  : 'configparams mdm-detect-bscan-mask 2' command is executed.
12:47:23 INFO  : Context for processor 'microblaze_0' is selected.
12:47:23 INFO  : System reset is completed.
12:47:26 INFO  : 'after 3000' command is executed.
12:47:26 INFO  : Context for processor 'microblaze_0' is selected.
12:47:27 INFO  : The application 'C:/Users/alexa/viv_22_proj/microblaze_hdmi/sdk/mb_hdmi/Debug/mb_hdmi.elf' is downloaded to processor 'microblaze_0'.
12:47:27 INFO  : ----------------XSDB Script----------------
connect -url tcp:127.0.0.1:3121
targets -set -filter {jtag_cable_name =~ "RealDigital Boo 887100000008A" && level==0 && jtag_device_ctx=="jsn1-0362f093-0"}
fpga -file C:/Users/alexa/viv_22_proj/microblaze_hdmi/sdk/mb_hdmi/_ide/bitstream/mb_usb_hdmi_top.bit
targets -set -nocase -filter {name =~ "*microblaze*#0" && bscan=="USER2" }
loadhw -hw C:/Users/alexa/viv_22_proj/microblaze_hdmi/sdk/mb_usb_hdmi_top/export/mb_usb_hdmi_top/hw/mb_usb_hdmi_top.xsa -regs
configparams mdm-detect-bscan-mask 2
targets -set -nocase -filter {name =~ "*microblaze*#0" && bscan=="USER2" }
rst -system
after 3000
targets -set -nocase -filter {name =~ "*microblaze*#0" && bscan=="USER2" }
dow C:/Users/alexa/viv_22_proj/microblaze_hdmi/sdk/mb_hdmi/Debug/mb_hdmi.elf
----------------End of Script----------------

12:47:27 INFO  : Context for processor 'microblaze_0' is selected.
12:47:27 INFO  : 'con' command is executed.
12:47:27 INFO  : ----------------XSDB Script (After Launch)----------------
targets -set -nocase -filter {name =~ "*microblaze*#0" && bscan=="USER2" }
con
----------------End of Script----------------

12:47:27 INFO  : Disconnected from the channel tcfchan#2.
12:59:43 INFO  : Connected to target on host '127.0.0.1' and port '3121'.
12:59:44 INFO  : Jtag cable 'RealDigital Boo 887100000008A' is selected.
12:59:44 INFO  : 'jtag frequency' command is executed.
12:59:44 INFO  : 'targets -set -filter {jtag_cable_name =~ "RealDigital Boo 887100000008A" && level==0 && jtag_device_ctx=="jsn1-0362f093-0"}' command is executed.
12:59:45 INFO  : Device configured successfully with "C:/Users/alexa/viv_22_proj/microblaze_hdmi/sdk/mb_hdmi/_ide/bitstream/mb_usb_hdmi_top.bit"
12:59:45 INFO  : Context for processor 'microblaze_0' is selected.
12:59:45 INFO  : Hardware design and registers information is loaded from 'C:/Users/alexa/viv_22_proj/microblaze_hdmi/sdk/mb_usb_hdmi_top/export/mb_usb_hdmi_top/hw/mb_usb_hdmi_top.xsa'.
12:59:45 INFO  : 'configparams mdm-detect-bscan-mask 2' command is executed.
12:59:45 INFO  : Context for processor 'microblaze_0' is selected.
12:59:45 INFO  : System reset is completed.
12:59:48 INFO  : 'after 3000' command is executed.
12:59:48 INFO  : Context for processor 'microblaze_0' is selected.
12:59:49 INFO  : The application 'C:/Users/alexa/viv_22_proj/microblaze_hdmi/sdk/mb_hdmi/Debug/mb_hdmi.elf' is downloaded to processor 'microblaze_0'.
12:59:49 INFO  : ----------------XSDB Script----------------
connect -url tcp:127.0.0.1:3121
targets -set -filter {jtag_cable_name =~ "RealDigital Boo 887100000008A" && level==0 && jtag_device_ctx=="jsn1-0362f093-0"}
fpga -file C:/Users/alexa/viv_22_proj/microblaze_hdmi/sdk/mb_hdmi/_ide/bitstream/mb_usb_hdmi_top.bit
targets -set -nocase -filter {name =~ "*microblaze*#0" && bscan=="USER2" }
loadhw -hw C:/Users/alexa/viv_22_proj/microblaze_hdmi/sdk/mb_usb_hdmi_top/export/mb_usb_hdmi_top/hw/mb_usb_hdmi_top.xsa -regs
configparams mdm-detect-bscan-mask 2
targets -set -nocase -filter {name =~ "*microblaze*#0" && bscan=="USER2" }
rst -system
after 3000
targets -set -nocase -filter {name =~ "*microblaze*#0" && bscan=="USER2" }
dow C:/Users/alexa/viv_22_proj/microblaze_hdmi/sdk/mb_hdmi/Debug/mb_hdmi.elf
----------------End of Script----------------

12:59:49 INFO  : Context for processor 'microblaze_0' is selected.
12:59:49 INFO  : 'con' command is executed.
12:59:49 INFO  : ----------------XSDB Script (After Launch)----------------
targets -set -nocase -filter {name =~ "*microblaze*#0" && bscan=="USER2" }
con
----------------End of Script----------------

12:59:49 INFO  : Disconnected from the channel tcfchan#3.
13:00:04 INFO  : Connected to target on host '127.0.0.1' and port '3121'.
13:00:04 INFO  : Jtag cable 'RealDigital Boo 887100000008A' is selected.
13:00:04 INFO  : 'jtag frequency' command is executed.
13:00:04 INFO  : 'targets -set -filter {jtag_cable_name =~ "RealDigital Boo 887100000008A" && level==0 && jtag_device_ctx=="jsn1-0362f093-0"}' command is executed.
13:00:06 INFO  : Device configured successfully with "C:/Users/alexa/viv_22_proj/microblaze_hdmi/sdk/mb_hdmi/_ide/bitstream/mb_usb_hdmi_top.bit"
13:00:06 INFO  : Context for processor 'microblaze_0' is selected.
13:00:06 INFO  : Hardware design and registers information is loaded from 'C:/Users/alexa/viv_22_proj/microblaze_hdmi/sdk/mb_usb_hdmi_top/export/mb_usb_hdmi_top/hw/mb_usb_hdmi_top.xsa'.
13:00:06 INFO  : 'configparams mdm-detect-bscan-mask 2' command is executed.
13:00:06 INFO  : Context for processor 'microblaze_0' is selected.
13:00:06 INFO  : System reset is completed.
13:00:09 INFO  : 'after 3000' command is executed.
13:00:09 INFO  : Context for processor 'microblaze_0' is selected.
13:00:09 INFO  : The application 'C:/Users/alexa/viv_22_proj/microblaze_hdmi/sdk/mb_hdmi/Debug/mb_hdmi.elf' is downloaded to processor 'microblaze_0'.
13:00:09 INFO  : ----------------XSDB Script----------------
connect -url tcp:127.0.0.1:3121
targets -set -filter {jtag_cable_name =~ "RealDigital Boo 887100000008A" && level==0 && jtag_device_ctx=="jsn1-0362f093-0"}
fpga -file C:/Users/alexa/viv_22_proj/microblaze_hdmi/sdk/mb_hdmi/_ide/bitstream/mb_usb_hdmi_top.bit
targets -set -nocase -filter {name =~ "*microblaze*#0" && bscan=="USER2" }
loadhw -hw C:/Users/alexa/viv_22_proj/microblaze_hdmi/sdk/mb_usb_hdmi_top/export/mb_usb_hdmi_top/hw/mb_usb_hdmi_top.xsa -regs
configparams mdm-detect-bscan-mask 2
targets -set -nocase -filter {name =~ "*microblaze*#0" && bscan=="USER2" }
rst -system
after 3000
targets -set -nocase -filter {name =~ "*microblaze*#0" && bscan=="USER2" }
dow C:/Users/alexa/viv_22_proj/microblaze_hdmi/sdk/mb_hdmi/Debug/mb_hdmi.elf
----------------End of Script----------------

13:00:09 INFO  : Context for processor 'microblaze_0' is selected.
13:00:09 INFO  : 'con' command is executed.
13:00:09 INFO  : ----------------XSDB Script (After Launch)----------------
targets -set -nocase -filter {name =~ "*microblaze*#0" && bscan=="USER2" }
con
----------------End of Script----------------

13:00:09 INFO  : Disconnected from the channel tcfchan#4.
